<?xml version="1.0" encoding="UTF-8"?>
<testsuite xmlns:xsi="http://www.w3.org/2001/XMLSchema-instance" xsi:noNamespaceSchemaLocation="https://maven.apache.org/surefire/maven-surefire-plugin/xsd/surefire-test-report.xsd" name="de.rumford.tradingsystem.helper.DataSourceTest" time="0.099" tests="15" errors="0" skipped="0" failures="0">
  <properties>
    <property name="sun.desktop" value="windows"/>
    <property name="awt.toolkit" value="sun.awt.windows.WToolkit"/>
    <property name="java.specification.version" value="11"/>
    <property name="sun.cpu.isalist" value="amd64"/>
    <property name="sun.jnu.encoding" value="Cp1252"/>
    <property name="java.class.path" value="C:\dev\eclipse-workspaces\Thesis-Workspace\Tradingsystem\target\test-classes;C:\dev\eclipse-workspaces\Thesis-Workspace\Tradingsystem\target\classes;C:\Users\monst\.m2\repository\org\junit\jupiter\junit-jupiter-api\5.6.0\junit-jupiter-api-5.6.0.jar;C:\Users\monst\.m2\repository\org\apiguardian\apiguardian-api\1.1.0\apiguardian-api-1.1.0.jar;C:\Users\monst\.m2\repository\org\opentest4j\opentest4j\1.2.0\opentest4j-1.2.0.jar;C:\Users\monst\.m2\repository\org\junit\platform\junit-platform-commons\1.6.0\junit-platform-commons-1.6.0.jar;C:\Users\monst\.m2\repository\org\apache\commons\commons-lang3\3.10\commons-lang3-3.10.jar;C:\Users\monst\.m2\repository\org\apache\commons\commons-math3\3.6.1\commons-math3-3.6.1.jar;"/>
    <property name="java.vm.vendor" value="Oracle Corporation"/>
    <property name="sun.arch.data.model" value="64"/>
    <property name="user.variant" value=""/>
    <property name="java.vendor.url" value="http://java.oracle.com/"/>
    <property name="user.timezone" value=""/>
    <property name="java.vm.specification.version" value="11"/>
    <property name="os.name" value="Windows 10"/>
    <property name="sun.java.launcher" value="SUN_STANDARD"/>
    <property name="user.country" value="DE"/>
    <property name="sun.boot.library.path" value="C:\Program Files\Java\jdk-11.0.3\bin"/>
    <property name="sun.java.command" value="C:\Users\monst\AppData\Local\Temp\surefire13695628114529521296\surefirebooter8378224342036132117.jar C:\Users\monst\AppData\Local\Temp\surefire13695628114529521296 2020-04-25T19-39-08_237-jvmRun1 surefire16203223652974768738tmp surefire_04381043612088167901tmp"/>
    <property name="jdk.debug" value="release"/>
    <property name="surefire.test.class.path" value="C:\dev\eclipse-workspaces\Thesis-Workspace\Tradingsystem\target\test-classes;C:\dev\eclipse-workspaces\Thesis-Workspace\Tradingsystem\target\classes;C:\Users\monst\.m2\repository\org\junit\jupiter\junit-jupiter-api\5.6.0\junit-jupiter-api-5.6.0.jar;C:\Users\monst\.m2\repository\org\apiguardian\apiguardian-api\1.1.0\apiguardian-api-1.1.0.jar;C:\Users\monst\.m2\repository\org\opentest4j\opentest4j\1.2.0\opentest4j-1.2.0.jar;C:\Users\monst\.m2\repository\org\junit\platform\junit-platform-commons\1.6.0\junit-platform-commons-1.6.0.jar;C:\Users\monst\.m2\repository\org\apache\commons\commons-lang3\3.10\commons-lang3-3.10.jar;C:\Users\monst\.m2\repository\org\apache\commons\commons-math3\3.6.1\commons-math3-3.6.1.jar;"/>
    <property name="sun.cpu.endian" value="little"/>
    <property name="user.home" value="C:\Users\monst"/>
    <property name="user.language" value="de"/>
    <property name="java.specification.vendor" value="Oracle Corporation"/>
    <property name="java.version.date" value="2019-04-16"/>
    <property name="java.home" value="C:\Program Files\Java\jdk-11.0.3"/>
    <property name="file.separator" value="\"/>
    <property name="basedir" value="C:\dev\eclipse-workspaces\Thesis-Workspace\Tradingsystem"/>
    <property name="java.vm.compressedOopsMode" value="Zero based"/>
    <property name="line.separator" value="&#10;"/>
    <property name="java.specification.name" value="Java Platform API Specification"/>
    <property name="java.vm.specification.vendor" value="Oracle Corporation"/>
    <property name="java.awt.graphicsenv" value="sun.awt.Win32GraphicsEnvironment"/>
    <property name="surefire.real.class.path" value="C:\Users\monst\AppData\Local\Temp\surefire13695628114529521296\surefirebooter8378224342036132117.jar"/>
    <property name="user.script" value=""/>
    <property name="sun.management.compiler" value="HotSpot 64-Bit Tiered Compilers"/>
    <property name="java.runtime.version" value="11.0.3+12-LTS"/>
    <property name="user.name" value="monst"/>
    <property name="path.separator" value=";"/>
    <property name="os.version" value="10.0"/>
    <property name="java.runtime.name" value="Java(TM) SE Runtime Environment"/>
    <property name="file.encoding" value="Cp1252"/>
    <property name="java.vm.name" value="Java HotSpot(TM) 64-Bit Server VM"/>
    <property name="java.vendor.version" value="18.9"/>
    <property name="localRepository" value="C:\Users\monst\.m2\repository"/>
    <property name="java.vendor.url.bug" value="http://bugreport.java.com/bugreport/"/>
    <property name="java.io.tmpdir" value="C:\Users\monst\AppData\Local\Temp\"/>
    <property name="java.version" value="11.0.3"/>
    <property name="user.dir" value="C:\dev\eclipse-workspaces\Thesis-Workspace\Tradingsystem"/>
    <property name="os.arch" value="amd64"/>
    <property name="java.vm.specification.name" value="Java Virtual Machine Specification"/>
    <property name="java.awt.printerjob" value="sun.awt.windows.WPrinterJob"/>
    <property name="sun.os.patch.level" value=""/>
    <property name="java.library.path" value="C:\Program Files\Java\jdk-11.0.3\bin;C:\WINDOWS\Sun\Java\bin;C:\WINDOWS\system32;C:\WINDOWS;C:/Program Files/Java/jdk-11.0.3/bin/server;C:/Program Files/Java/jdk-11.0.3/bin;C:\Python27\;C:\Python27\Scripts;C:\Program Files (x86)\Intel\Intel(R) Management Engine Components\iCLS\;C:\Program Files\Intel\Intel(R) Management Engine Components\iCLS\;C:\WINDOWS\system32;C:\WINDOWS;C:\WINDOWS\System32\Wbem;C:\WINDOWS\System32\WindowsPowerShell\v1.0\;C:\WINDOWS\System32\OpenSSH\;C:\Program Files (x86)\Intel\Intel(R) Management Engine Components\DAL;C:\Program Files\Intel\Intel(R) Management Engine Components\DAL;C:\Program Files (x86)\Intel\Intel(R) Management Engine Components\IPT;C:\Program Files\Intel\Intel(R) Management Engine Components\IPT;C:\Program Files\Microsoft VS Code Insiders\bin;C:\Git\cmd;C:\Users\monst\AppData\Roaming\nvm;C:\nodejs;C:\ProgramData\chocolatey\bin;C:\Program Files\Java\jdk-11.0.3\bin;C:\Program Files\MiKTeX 2.9\miktex\bin\x64\;C:\Program Files\Intel\WiFi\bin\;C:\Program Files\Common Files\Intel\WirelessCommon\;C:\Program Files\MySQL\MySQL Shell 8.0\bin\;C:\Users\monst\AppData\Local\Programs\Microsoft VS Code\bin;C:\Users\monst\Desktop;;."/>
    <property name="java.vendor" value="Oracle Corporation"/>
    <property name="java.vm.info" value="mixed mode"/>
    <property name="java.vm.version" value="11.0.3+12-LTS"/>
    <property name="sun.io.unicode.encoding" value="UnicodeLittle"/>
    <property name="java.class.version" value="55.0"/>
  </properties>
  <testcase name="testGetDataFromCsv_second_non_integer" classname="de.rumford.tradingsystem.helper.DataSourceTest" time="0.033"/>
  <testcase name="testGetDataFromCsv_fileName_null" classname="de.rumford.tradingsystem.helper.DataSourceTest" time="0.001"/>
  <testcase name="testGetDataFromCsv_year_non_integer" classname="de.rumford.tradingsystem.helper.DataSourceTest" time="0.003"/>
  <testcase name="testGetDataFromCsv_directory" classname="de.rumford.tradingsystem.helper.DataSourceTest" time="0.001"/>
  <testcase name="testGetDataFromCsv_EU_ok" classname="de.rumford.tradingsystem.helper.DataSourceTest" time="0.004"/>
  <testcase name="testGetDataFromCsv_US_ok" classname="de.rumford.tradingsystem.helper.DataSourceTest" time="0.003"/>
  <testcase name="testGetDataFromCsv_course_value_invalid" classname="de.rumford.tradingsystem.helper.DataSourceTest" time="0.002"/>
  <testcase name="testGetDataFromCsv_hour_non_integer" classname="de.rumford.tradingsystem.helper.DataSourceTest" time="0.002"/>
  <testcase name="testGetDataFromCsv_date_out_of_range" classname="de.rumford.tradingsystem.helper.DataSourceTest" time="0.02"/>
  <testcase name="testGetDataFromCsv_day_non_integer" classname="de.rumford.tradingsystem.helper.DataSourceTest" time="0.003"/>
  <testcase name="testGetDataFromCsv_headings" classname="de.rumford.tradingsystem.helper.DataSourceTest" time="0.002"/>
  <testcase name="testGetDataFromCsv_nonExistant_file" classname="de.rumford.tradingsystem.helper.DataSourceTest" time="0.001"/>
  <testcase name="testGetDataFromCsv_four_columns" classname="de.rumford.tradingsystem.helper.DataSourceTest" time="0.002"/>
  <testcase name="testGetDataFromCsv_minute_non_integer" classname="de.rumford.tradingsystem.helper.DataSourceTest" time="0.002"/>
  <testcase name="testGetDataFromCsv_month_non_integer" classname="de.rumford.tradingsystem.helper.DataSourceTest" time="0.002"/>
</testsuite>