<?xml version="1.0" encoding="UTF-8"?>
<testsuite xmlns:xsi="http://www.w3.org/2001/XMLSchema-instance" xsi:noNamespaceSchemaLocation="https://maven.apache.org/surefire/maven-surefire-plugin/xsd/surefire-test-report.xsd" name="de.rumford.tradingsystem.DiversificationMultiplierTest" time="0.049" tests="14" errors="4" skipped="0" failures="8">
  <properties>
    <property name="sun.desktop" value="windows"/>
    <property name="awt.toolkit" value="sun.awt.windows.WToolkit"/>
    <property name="java.specification.version" value="11"/>
    <property name="sun.cpu.isalist" value="amd64"/>
    <property name="sun.jnu.encoding" value="Cp1252"/>
    <property name="java.class.path" value="C:\dev\eclipse-workspaces\Thesis-Workspace\Tradingsystem\target\test-classes;C:\dev\eclipse-workspaces\Thesis-Workspace\Tradingsystem\target\classes;C:\Users\monst\.m2\repository\org\junit\jupiter\junit-jupiter-api\5.6.0\junit-jupiter-api-5.6.0.jar;C:\Users\monst\.m2\repository\org\apiguardian\apiguardian-api\1.1.0\apiguardian-api-1.1.0.jar;C:\Users\monst\.m2\repository\org\opentest4j\opentest4j\1.2.0\opentest4j-1.2.0.jar;C:\Users\monst\.m2\repository\org\junit\platform\junit-platform-commons\1.6.0\junit-platform-commons-1.6.0.jar;C:\Users\monst\.m2\repository\org\apache\commons\commons-lang3\3.10\commons-lang3-3.10.jar;C:\Users\monst\.m2\repository\org\apache\commons\commons-math3\3.6.1\commons-math3-3.6.1.jar;"/>
    <property name="java.vm.vendor" value="Oracle Corporation"/>
    <property name="sun.arch.data.model" value="64"/>
    <property name="user.variant" value=""/>
    <property name="java.vendor.url" value="http://java.oracle.com/"/>
    <property name="user.timezone" value=""/>
    <property name="java.vm.specification.version" value="11"/>
    <property name="os.name" value="Windows 10"/>
    <property name="sun.java.launcher" value="SUN_STANDARD"/>
    <property name="user.country" value="DE"/>
    <property name="sun.boot.library.path" value="C:\Program Files\Java\jdk-11.0.3\bin"/>
    <property name="sun.java.command" value="C:\Users\monst\AppData\Local\Temp\surefire3610546595657693944\surefirebooter12290148625735979397.jar C:\Users\monst\AppData\Local\Temp\surefire3610546595657693944 2020-04-25T18-04-34_745-jvmRun1 surefire9019624125240204171tmp surefire_017636165694993109251tmp"/>
    <property name="jdk.debug" value="release"/>
    <property name="surefire.test.class.path" value="C:\dev\eclipse-workspaces\Thesis-Workspace\Tradingsystem\target\test-classes;C:\dev\eclipse-workspaces\Thesis-Workspace\Tradingsystem\target\classes;C:\Users\monst\.m2\repository\org\junit\jupiter\junit-jupiter-api\5.6.0\junit-jupiter-api-5.6.0.jar;C:\Users\monst\.m2\repository\org\apiguardian\apiguardian-api\1.1.0\apiguardian-api-1.1.0.jar;C:\Users\monst\.m2\repository\org\opentest4j\opentest4j\1.2.0\opentest4j-1.2.0.jar;C:\Users\monst\.m2\repository\org\junit\platform\junit-platform-commons\1.6.0\junit-platform-commons-1.6.0.jar;C:\Users\monst\.m2\repository\org\apache\commons\commons-lang3\3.10\commons-lang3-3.10.jar;C:\Users\monst\.m2\repository\org\apache\commons\commons-math3\3.6.1\commons-math3-3.6.1.jar;"/>
    <property name="sun.cpu.endian" value="little"/>
    <property name="user.home" value="C:\Users\monst"/>
    <property name="user.language" value="de"/>
    <property name="java.specification.vendor" value="Oracle Corporation"/>
    <property name="java.version.date" value="2019-04-16"/>
    <property name="java.home" value="C:\Program Files\Java\jdk-11.0.3"/>
    <property name="file.separator" value="\"/>
    <property name="basedir" value="C:\dev\eclipse-workspaces\Thesis-Workspace\Tradingsystem"/>
    <property name="java.vm.compressedOopsMode" value="Zero based"/>
    <property name="line.separator" value="&#10;"/>
    <property name="java.specification.name" value="Java Platform API Specification"/>
    <property name="java.vm.specification.vendor" value="Oracle Corporation"/>
    <property name="java.awt.graphicsenv" value="sun.awt.Win32GraphicsEnvironment"/>
    <property name="surefire.real.class.path" value="C:\Users\monst\AppData\Local\Temp\surefire3610546595657693944\surefirebooter12290148625735979397.jar"/>
    <property name="user.script" value=""/>
    <property name="sun.management.compiler" value="HotSpot 64-Bit Tiered Compilers"/>
    <property name="java.runtime.version" value="11.0.3+12-LTS"/>
    <property name="user.name" value="monst"/>
    <property name="path.separator" value=";"/>
    <property name="os.version" value="10.0"/>
    <property name="java.runtime.name" value="Java(TM) SE Runtime Environment"/>
    <property name="file.encoding" value="Cp1252"/>
    <property name="java.vm.name" value="Java HotSpot(TM) 64-Bit Server VM"/>
    <property name="java.vendor.version" value="18.9"/>
    <property name="localRepository" value="C:\Users\monst\.m2\repository"/>
    <property name="java.vendor.url.bug" value="http://bugreport.java.com/bugreport/"/>
    <property name="java.io.tmpdir" value="C:\Users\monst\AppData\Local\Temp\"/>
    <property name="java.version" value="11.0.3"/>
    <property name="user.dir" value="C:\dev\eclipse-workspaces\Thesis-Workspace\Tradingsystem"/>
    <property name="os.arch" value="amd64"/>
    <property name="java.vm.specification.name" value="Java Virtual Machine Specification"/>
    <property name="java.awt.printerjob" value="sun.awt.windows.WPrinterJob"/>
    <property name="sun.os.patch.level" value=""/>
    <property name="java.library.path" value="C:\Program Files\Java\jdk-11.0.3\bin;C:\WINDOWS\Sun\Java\bin;C:\WINDOWS\system32;C:\WINDOWS;C:/Program Files/Java/jdk-11.0.3/bin/server;C:/Program Files/Java/jdk-11.0.3/bin;C:\Python27\;C:\Python27\Scripts;C:\Program Files (x86)\Intel\Intel(R) Management Engine Components\iCLS\;C:\Program Files\Intel\Intel(R) Management Engine Components\iCLS\;C:\WINDOWS\system32;C:\WINDOWS;C:\WINDOWS\System32\Wbem;C:\WINDOWS\System32\WindowsPowerShell\v1.0\;C:\WINDOWS\System32\OpenSSH\;C:\Program Files (x86)\Intel\Intel(R) Management Engine Components\DAL;C:\Program Files\Intel\Intel(R) Management Engine Components\DAL;C:\Program Files (x86)\Intel\Intel(R) Management Engine Components\IPT;C:\Program Files\Intel\Intel(R) Management Engine Components\IPT;C:\Program Files\Microsoft VS Code Insiders\bin;C:\Git\cmd;C:\Users\monst\AppData\Roaming\nvm;C:\nodejs;C:\ProgramData\chocolatey\bin;C:\Program Files\Java\jdk-11.0.3\bin;C:\Program Files\MiKTeX 2.9\miktex\bin\x64\;C:\Program Files\Intel\WiFi\bin\;C:\Program Files\Common Files\Intel\WirelessCommon\;C:\Program Files\MySQL\MySQL Shell 8.0\bin\;C:\Users\monst\AppData\Local\Programs\Microsoft VS Code\bin;C:\Users\monst\Desktop;;."/>
    <property name="java.vendor" value="Oracle Corporation"/>
    <property name="java.vm.info" value="mixed mode"/>
    <property name="java.vm.version" value="11.0.3+12-LTS"/>
    <property name="sun.io.unicode.encoding" value="UnicodeLittle"/>
    <property name="java.class.version" value="55.0"/>
  </properties>
  <testcase name="testDiversificationMultiplier_numberOfCorrelationRowsNotEqualColumns" classname="de.rumford.tradingsystem.DiversificationMultiplierTest" time="0.029">
    <failure message="Inequal number of correlation rows and columns are not being correctly handled ==&gt; Unexpected exception type thrown ==&gt; expected: &lt;java.lang.IllegalArgumentException&gt; but was: &lt;java.lang.ArrayIndexOutOfBoundsException&gt;" type="org.opentest4j.AssertionFailedError"><![CDATA[org.opentest4j.AssertionFailedError: Inequal number of correlation rows and columns are not being correctly handled ==> Unexpected exception type thrown ==> expected: <java.lang.IllegalArgumentException> but was: <java.lang.ArrayIndexOutOfBoundsException>
	at de.rumford.tradingsystem.DiversificationMultiplierTest.testDiversificationMultiplier_numberOfCorrelationRowsNotEqualColumns(DiversificationMultiplierTest.java:63)
Caused by: java.lang.ArrayIndexOutOfBoundsException: Index 0 out of bounds for length 0
	at de.rumford.tradingsystem.DiversificationMultiplierTest.lambda$2(DiversificationMultiplierTest.java:63)
	at de.rumford.tradingsystem.DiversificationMultiplierTest.testDiversificationMultiplier_numberOfCorrelationRowsNotEqualColumns(DiversificationMultiplierTest.java:63)
]]></failure>
  </testcase>
  <testcase name="testDiversificationMultiplier_negativeWeights" classname="de.rumford.tradingsystem.DiversificationMultiplierTest" time="0.001">
    <failure message="Negative weights are not being correctly handled ==&gt; Unexpected exception type thrown ==&gt; expected: &lt;java.lang.IllegalArgumentException&gt; but was: &lt;java.lang.ArrayIndexOutOfBoundsException&gt;" type="org.opentest4j.AssertionFailedError"><![CDATA[org.opentest4j.AssertionFailedError: Negative weights are not being correctly handled ==> Unexpected exception type thrown ==> expected: <java.lang.IllegalArgumentException> but was: <java.lang.ArrayIndexOutOfBoundsException>
	at de.rumford.tradingsystem.DiversificationMultiplierTest.testDiversificationMultiplier_negativeWeights(DiversificationMultiplierTest.java:87)
Caused by: java.lang.ArrayIndexOutOfBoundsException: Index 0 out of bounds for length 0
	at de.rumford.tradingsystem.DiversificationMultiplierTest.lambda$4(DiversificationMultiplierTest.java:87)
	at de.rumford.tradingsystem.DiversificationMultiplierTest.testDiversificationMultiplier_negativeWeights(DiversificationMultiplierTest.java:87)
]]></failure>
  </testcase>
  <testcase name="testGetValue" classname="de.rumford.tradingsystem.DiversificationMultiplierTest" time="0.001">
    <error message="Index 0 out of bounds for length 0" type="java.lang.ArrayIndexOutOfBoundsException">java.lang.ArrayIndexOutOfBoundsException: Index 0 out of bounds for length 0
	at de.rumford.tradingsystem.DiversificationMultiplierTest.testGetValue(DiversificationMultiplierTest.java:133)
</error>
  </testcase>
  <testcase name="testGetCorrelations" classname="de.rumford.tradingsystem.DiversificationMultiplierTest" time="0.001">
    <error message="Index 0 out of bounds for length 0" type="java.lang.ArrayIndexOutOfBoundsException">java.lang.ArrayIndexOutOfBoundsException: Index 0 out of bounds for length 0
	at de.rumford.tradingsystem.DiversificationMultiplierTest.testGetCorrelations(DiversificationMultiplierTest.java:201)
</error>
  </testcase>
  <testcase name="testGetValue_incorrectPopulationOfWeights" classname="de.rumford.tradingsystem.DiversificationMultiplierTest" time="0.001"/>
  <testcase name="testGetValue_incorrectPopulationOfCorrelations" classname="de.rumford.tradingsystem.DiversificationMultiplierTest" time="0"/>
  <testcase name="testDiversificationMultiplier_noWeights" classname="de.rumford.tradingsystem.DiversificationMultiplierTest" time="0.001">
    <failure message="No weights are not being correctly handled ==&gt; Unexpected exception type thrown ==&gt; expected: &lt;java.lang.IllegalArgumentException&gt; but was: &lt;java.lang.ArrayIndexOutOfBoundsException&gt;" type="org.opentest4j.AssertionFailedError"><![CDATA[org.opentest4j.AssertionFailedError: No weights are not being correctly handled ==> Unexpected exception type thrown ==> expected: <java.lang.IllegalArgumentException> but was: <java.lang.ArrayIndexOutOfBoundsException>
	at de.rumford.tradingsystem.DiversificationMultiplierTest.testDiversificationMultiplier_noWeights(DiversificationMultiplierTest.java:51)
Caused by: java.lang.ArrayIndexOutOfBoundsException: Index 0 out of bounds for length 0
	at de.rumford.tradingsystem.DiversificationMultiplierTest.lambda$1(DiversificationMultiplierTest.java:51)
	at de.rumford.tradingsystem.DiversificationMultiplierTest.testDiversificationMultiplier_noWeights(DiversificationMultiplierTest.java:51)
]]></failure>
  </testcase>
  <testcase name="testDiversificationMultiplier_invalidSelfCorrelations" classname="de.rumford.tradingsystem.DiversificationMultiplierTest" time="0.002">
    <failure message="Invalid self correlations are not being correctly handled ==&gt; Unexpected exception type thrown ==&gt; expected: &lt;java.lang.IllegalArgumentException&gt; but was: &lt;java.lang.ArrayIndexOutOfBoundsException&gt;" type="org.opentest4j.AssertionFailedError"><![CDATA[org.opentest4j.AssertionFailedError: Invalid self correlations are not being correctly handled ==> Unexpected exception type thrown ==> expected: <java.lang.IllegalArgumentException> but was: <java.lang.ArrayIndexOutOfBoundsException>
	at de.rumford.tradingsystem.DiversificationMultiplierTest.testDiversificationMultiplier_invalidSelfCorrelations(DiversificationMultiplierTest.java:123)
Caused by: java.lang.ArrayIndexOutOfBoundsException: Index 0 out of bounds for length 0
	at de.rumford.tradingsystem.DiversificationMultiplierTest.lambda$7(DiversificationMultiplierTest.java:123)
	at de.rumford.tradingsystem.DiversificationMultiplierTest.testDiversificationMultiplier_invalidSelfCorrelations(DiversificationMultiplierTest.java:123)
]]></failure>
  </testcase>
  <testcase name="testDiversificationMultiplier" classname="de.rumford.tradingsystem.DiversificationMultiplierTest" time="0.001">
    <error message="Index 0 out of bounds for length 0" type="java.lang.ArrayIndexOutOfBoundsException">java.lang.ArrayIndexOutOfBoundsException: Index 0 out of bounds for length 0
	at de.rumford.tradingsystem.DiversificationMultiplierTest.testDiversificationMultiplier(DiversificationMultiplierTest.java:26)
</error>
  </testcase>
  <testcase name="testDiversificationMultiplier_noCorrelations" classname="de.rumford.tradingsystem.DiversificationMultiplierTest" time="0.001">
    <failure message="No correlations are not being correctly handled ==&gt; Unexpected exception type thrown ==&gt; expected: &lt;java.lang.IllegalArgumentException&gt; but was: &lt;java.lang.ArrayIndexOutOfBoundsException&gt;" type="org.opentest4j.AssertionFailedError"><![CDATA[org.opentest4j.AssertionFailedError: No correlations are not being correctly handled ==> Unexpected exception type thrown ==> expected: <java.lang.IllegalArgumentException> but was: <java.lang.ArrayIndexOutOfBoundsException>
	at de.rumford.tradingsystem.DiversificationMultiplierTest.testDiversificationMultiplier_noCorrelations(DiversificationMultiplierTest.java:39)
Caused by: java.lang.ArrayIndexOutOfBoundsException: Index 0 out of bounds for length 0
	at de.rumford.tradingsystem.DiversificationMultiplierTest.lambda$0(DiversificationMultiplierTest.java:39)
	at de.rumford.tradingsystem.DiversificationMultiplierTest.testDiversificationMultiplier_noCorrelations(DiversificationMultiplierTest.java:39)
]]></failure>
  </testcase>
  <testcase name="testDiversificationMultiplier_assymetricalCorrelationsMatrix" classname="de.rumford.tradingsystem.DiversificationMultiplierTest" time="0">
    <failure message="Assymetrical correlations matrix is not being correctly handled ==&gt; Unexpected exception type thrown ==&gt; expected: &lt;java.lang.IllegalArgumentException&gt; but was: &lt;java.lang.ArrayIndexOutOfBoundsException&gt;" type="org.opentest4j.AssertionFailedError"><![CDATA[org.opentest4j.AssertionFailedError: Assymetrical correlations matrix is not being correctly handled ==> Unexpected exception type thrown ==> expected: <java.lang.IllegalArgumentException> but was: <java.lang.ArrayIndexOutOfBoundsException>
	at de.rumford.tradingsystem.DiversificationMultiplierTest.testDiversificationMultiplier_assymetricalCorrelationsMatrix(DiversificationMultiplierTest.java:111)
Caused by: java.lang.ArrayIndexOutOfBoundsException: Index 0 out of bounds for length 0
	at de.rumford.tradingsystem.DiversificationMultiplierTest.lambda$6(DiversificationMultiplierTest.java:111)
	at de.rumford.tradingsystem.DiversificationMultiplierTest.testDiversificationMultiplier_assymetricalCorrelationsMatrix(DiversificationMultiplierTest.java:111)
]]></failure>
  </testcase>
  <testcase name="testGetWeights" classname="de.rumford.tradingsystem.DiversificationMultiplierTest" time="0">
    <error message="Index 0 out of bounds for length 0" type="java.lang.ArrayIndexOutOfBoundsException">java.lang.ArrayIndexOutOfBoundsException: Index 0 out of bounds for length 0
	at de.rumford.tradingsystem.DiversificationMultiplierTest.testGetWeights(DiversificationMultiplierTest.java:187)
</error>
  </testcase>
  <testcase name="testDiversificationMultiplier_weightsDontAddUpTo1" classname="de.rumford.tradingsystem.DiversificationMultiplierTest" time="0.002">
    <failure message="Weights not adding up to 1 is not being correctly handled ==&gt; Unexpected exception type thrown ==&gt; expected: &lt;java.lang.IllegalArgumentException&gt; but was: &lt;java.lang.ArrayIndexOutOfBoundsException&gt;" type="org.opentest4j.AssertionFailedError"><![CDATA[org.opentest4j.AssertionFailedError: Weights not adding up to 1 is not being correctly handled ==> Unexpected exception type thrown ==> expected: <java.lang.IllegalArgumentException> but was: <java.lang.ArrayIndexOutOfBoundsException>
	at de.rumford.tradingsystem.DiversificationMultiplierTest.testDiversificationMultiplier_weightsDontAddUpTo1(DiversificationMultiplierTest.java:99)
Caused by: java.lang.ArrayIndexOutOfBoundsException: Index 0 out of bounds for length 0
	at de.rumford.tradingsystem.DiversificationMultiplierTest.lambda$5(DiversificationMultiplierTest.java:99)
	at de.rumford.tradingsystem.DiversificationMultiplierTest.testDiversificationMultiplier_weightsDontAddUpTo1(DiversificationMultiplierTest.java:99)
]]></failure>
  </testcase>
  <testcase name="testDiversificationMultiplier_numberOfWeightsNotEqualNumberOfCorrelations" classname="de.rumford.tradingsystem.DiversificationMultiplierTest" time="0.002">
    <failure message="Inequal number of correlations and weights is not being correctly handled ==&gt; Unexpected exception type thrown ==&gt; expected: &lt;java.lang.IllegalArgumentException&gt; but was: &lt;java.lang.ArrayIndexOutOfBoundsException&gt;" type="org.opentest4j.AssertionFailedError"><![CDATA[org.opentest4j.AssertionFailedError: Inequal number of correlations and weights is not being correctly handled ==> Unexpected exception type thrown ==> expected: <java.lang.IllegalArgumentException> but was: <java.lang.ArrayIndexOutOfBoundsException>
	at de.rumford.tradingsystem.DiversificationMultiplierTest.testDiversificationMultiplier_numberOfWeightsNotEqualNumberOfCorrelations(DiversificationMultiplierTest.java:75)
Caused by: java.lang.ArrayIndexOutOfBoundsException: Index 0 out of bounds for length 0
	at de.rumford.tradingsystem.DiversificationMultiplierTest.lambda$3(DiversificationMultiplierTest.java:75)
	at de.rumford.tradingsystem.DiversificationMultiplierTest.testDiversificationMultiplier_numberOfWeightsNotEqualNumberOfCorrelations(DiversificationMultiplierTest.java:75)
]]></failure>
  </testcase>
</testsuite>